train sample numbers: 50
train label numbers: 50
network neuron numbers per layer (input layer on the far left): 
(272 57 10)
learning rate: 0.6
inertia term (momentum): 0

train starting...

No. 0	mean error: 2.032763858965585
-0.0025341051376933914
7.93913622322721e-05
-0.00030933031505074756
0.00026814443297433504
0.00019181388181771516
6.304341644026618e-05
4.3746606909343525e-05
3.615465770400613e-05
-6.461468608493763e-05
-4.914063882997528e-05
-0.00014642140614822298
0.0001526096894589129
-0.00027191136043532206
0.00011284109375735222
-6.130367211473905e-05
9.200979197542578e-05
-8.20491189440632e-05
6.837677304593111e-05
-0.00019273753643852935
5.484359338456464e-06
-2.1864468014892133e-05
9.588596751182045e-05
-0.00014671777419755503
-5.072404122015267e-05
-0.0001875938882836064
-6.730081489401861e-07
-6.467198492022592e-05
-4.986830786954014e-05
-0.0001465241134486952
6.335115456128858e-05
-0.0001960293742747998
8.536222375791134e-05
-3.6754687166401395e-06
-4.871029551251465e-05
9.807451389922117e-05
5.350721406771428e-05
-0.00014324016012632162
2.401132088932384e-05
-0.00012120638652553504
-1.5922512169652265e-06
-5.008338035618016e-06
-1.6948469982672515e-05
5.56685623944587e-06
-7.491845220619671e-05
-9.607351474588657e-05
-0.00017733762255478194
-1.4974819264271113e-05
0.00010656530977591193
-0.00017434028415542875
-0.0003124860715053424
No. 1	mean error: 0.4728130619849618
9.38359356911576e-05
0.0001747534967972425
4.0821769563982344e-05
1.3537517000923695e-05
-0.00010264424888228682
-2.494241034100726e-05
-9.691491386663775e-05
-0.0001733260950150034
-0.00011807136700892861
7.013812046818572e-05
-0.00021754792027026842
0.00014477144631189922
-0.00028467064100052495
0.0001838521715995492
-7.167524391312575e-05
0.00016815123945328498
-1.4708683156045977e-05
4.4961386875185735e-05
-0.00017162713664776734
2.4001120656615585e-05
-1.6696002839532558e-05
0.00011941113325441377
-0.00014314117746795256
-7.883063944111322e-05
-0.0001762195968177069
7.362683471828339e-05
-3.945927841206225e-05
-6.127646897884e-05
-8.644847837637274e-05
8.891585340975511e-05
-0.0002166695163698449
9.223306446144285e-05
-1.5221480731100624e-05
-4.710428506336248e-05
0.00012735101111853108
6.834135447197803e-05
-0.00014787761797782308
4.777186424344095e-05
-0.00010607118499336062
-2.7219562294230064e-06
-1.1642556170193026e-05
1.0332625552527083e-05
3.831345527407428e-05
-7.648734873218251e-05
-0.000101566824851881
-0.00015920665830217222
1.2909183860089245e-06
0.00011945943195277387
-0.00016596820948641138
-0.0002740266305573719
No. 2	mean error: 0.4570394759601556
0.00012644930253981386
0.00019031975997783272
6.0571236973991706e-05
2.7695326452686672e-05
-9.889089760230722e-05
-4.572036819878121e-06
-7.822992762844587e-05
-0.00018873874755643273
-8.689365632542387e-05
9.417148048344472e-05
-0.0002049439502856718
0.0001534616470363737
-0.0002455702698277054
0.0002101247951379272
-5.922357958098016e-05
0.0002082316652564003
9.495159357713311e-06
5.871884273082036e-05
-0.0001503576083443605
1.0615026148850538e-05
-1.2394476402180624e-05
0.00012979076998920384
-0.00013551769931576918
-9.252520867353861e-05
-0.00015919001906942497
0.00010274884818192415
-2.3732221805129387e-05
-7.374177187931505e-05
-4.838594100911192e-05
0.00010969051994333176
-0.00022327033937708855
9.841651028910829e-05
-2.292008594288699e-05
-4.672789647214618e-05
0.0001406863149966383
7.340220972269257e-05
-0.00014834050162175003
6.014294485420233e-05
-9.278520515844796e-05
-6.868392312188671e-06
-2.380455196395037e-05
2.8055409478332875e-05
5.8909706140932594e-05
-7.928233616304094e-05
-0.00010810262245271097
-0.00014293577450384023
1.467770736031199e-05
0.00012130176646762847
-0.0001633093867166286
-0.00024649546196313973
No. 3	mean error: 0.4522914399632096
0.0001296550761256056
0.00018779317281800094
6.259211997906847e-05
2.677660942060094e-05
-9.52625427358218e-05
9.322185546365524e-06
-6.888297245371373e-05
-0.00018869010322427116
-6.6963909622005e-05
0.00010162317993327195
-0.0001917183145002022
0.00015498947185034207
-0.0002197135547350466
0.00021254046195476908
-5.6189700258255746e-05
0.00022561855414701343
1.6202911278798195e-05
6.520303459608766e-05
-0.00013838977579528545
-9.093061856321104e-07
-9.705513809682453e-06
0.00013322293876822468
-0.00013191744680541483
-9.944424813857667e-05
-0.000145321518919465
0.00011761256242729296
-1.4637282232434652e-05
-8.535768225563909e-05
-2.184367524495212e-05
