train sample numbers: 50
train label numbers: 50
network neuron numbers per layer (input layer on the far left): 
(272 57 10)
learning rate: 0.6
inertia term (momentum): 0.5

train starting...

No. 0	mean error: 2.032763858965585
-0.0009038869302545365
-4.563025054412625e-05
-0.00014550919186290267
-4.443607820349455e-05
5.529619405032264e-06
-3.611135467178354e-05
-0.00014787395153282584
-6.805717513483704e-05
-0.00020637697966736362
-0.00018452511236031522
-8.822009290305106e-05
4.03214775479337e-06
-5.6824143696793786e-05
-2.958038583865898e-05
-0.0001320917504670042
-6.569021288533237e-05
-8.985831772836202e-05
-3.187353524188576e-05
-0.00015572130675529773
-0.00010088973423987313
-0.00010231312247882345
8.503886744733546e-06
-7.130544749954878e-05
-0.00010123128566458431
-0.00014701598485385853
-6.306354291905534e-05
-7.840626694053255e-05
7.3517853704037795e-06
-5.420787250810313e-05
-1.3904053789175114e-05
-2.8598751215448896e-05
1.5059126484202417e-05
-3.378205173361381e-05
-5.856006924006633e-05
3.117125041389961e-05
6.276453140208841e-05
-8.919169339692913e-05
-2.603213385582953e-05
-9.992448853058286e-05
-6.751142741049294e-05
-3.1611011085549666e-05
-1.0928649090244594e-05
-1.9675951117821584e-05
-5.0711192803776846e-05
-1.5010684068000308e-05
-0.00010114538791543086
-8.572172925490116e-05
2.479959584925955e-05
1.1056007774248868e-05
-2.306792379950879e-05
No. 1	mean error: 0.45023484217079257
1.9247144177357126e-05
9.601459973748123e-05
6.217775993921554e-05
4.1155488632729095e-05
-4.9070164215162243e-05
-5.5508339935020316e-05
-8.374665219204461e-05
-8.21723092187289e-05
-0.00013026287510316292
-6.308791204380983e-05
-4.3755868210659145e-05
3.746237682778026e-05
3.16220740550347e-05
7.366994017182076e-05
-4.6007439052601243e-05
3.510125702275357e-05
1.1538568806064404e-05
3.373064298832029e-05
-9.013295729728055e-05
-6.573939050563032e-05
-7.038670984728062e-05
3.1714817482326815e-05
-6.293886271289701e-05
-0.00010606772848349189
-0.0001472283869468686
-4.67372235055968e-05
-5.309215675614189e-05
1.7656555938717847e-05
-2.651584504759735e-05
9.896543891922324e-06
-2.1568093980198685e-05
1.0585360738505187e-05
-4.0541223141723046e-05
-6.483705865664126e-05
4.193421899658083e-05
6.772442833130438e-05
-7.892211709244876e-05
-5.795823006752471e-06
-7.783783891872971e-05
-5.516555633136423e-05
-2.8804234489459792e-05
-7.338466011234871e-06
-3.284871943432069e-06
-4.140783781723606e-05
-1.2545045148871095e-05
-9.302735188553205e-05
-7.587350510174337e-05
3.082154059745276e-05
1.2773438352310425e-05
-2.0874174013419014e-05
No. 2	mean error: 0.4488637652159958
2.7718697411310178e-05
0.00011341565335453273
8.093836525390624e-05
6.047827559576337e-05
-3.8956414012710194e-05
-3.9153758776786204e-05
-6.058405401530344e-05
-7.894578208178475e-05
-0.0001075784407940583
-4.346939002297319e-05
-4.021685761723691e-05
4.3112805543402405e-05
2.8869104559844175e-05
9.053250492202813e-05
-1.5409327508563998e-05
6.667108352618757e-05
3.915374243474271e-05
5.28155712667085e-05
-6.367696776537384e-05
-5.9484703861501827e-05
-6.845629677322879e-05
3.2712062175543246e-05
-6.734367521316095e-05
-0.00011494753328343882
-0.00014953098377764245
-4.276022980848079e-05
-4.461579931583469e-05
5.970581692678721e-06
-1.824258636446903e-05
2.7989468801216365e-05
-2.3487007453456788e-05
1.547182407010179e-05
-3.5021268572280784e-05
-6.348137724619687e-05
4.970037621643191e-05
7.433454225198459e-05
-6.885963640619035e-05
4.565642305832688e-06
-6.690040711839217e-05
-5.351866112687437e-05
-3.579072966535183e-05
-7.637404148467969e-06
6.487463238352678e-06
-4.040298017161843e-05
-2.237342266607972e-05
-9.524127039097151e-05
-6.848583118980231e-05
3.674140253786622e-05
7.864043645287958e-06
-2.794410428468241e-05
No. 3	mean error: 0.44813868530786893
3.123796454077667e-05
0.0001193881451464394
8.66297920708444e-05
6.587675495640099e-05
-3.686504798337507e-05
-3.111270023031115e-05
-4.748054716188243e-05
-7.790302743212857e-05
-9.17117161723345e-05
-2.903662500211484e-05
-3.708869756429232e-05
4.961388986146016e-05
2.4528503619604563e-05
9.636456392800397e-05
3.676250492720645e-06
8.717706962754057e-05
5.518021516413713e-05
6.321783504100015e-05
-4.7719101996149504e-05
-5.7458050952451715e-05
-6.666153830211483e-05
3.416196206085089e-05
-6.975271412334132e-05
-0.00011753048005176595
-0.00014612131215245423
-3.754617767615779e-05
-3.6918789898029955e-05
-4.388224088430118e-06
-1.33311002105992e-05
4.123796577215247e-05
-2.6332551758865486e-05
1.8067997904512043e-05
-3.0091946497344805e-05
-6.301084927715032e-05
5.331356219297896e-05
7.718900654133572e-05
-6.0939669166311874e-05
1.1031186927971776e-05
-5.865613837250913e-05
-5.2374100660619336e-05
-4.198495764517378e-05
-8.823163314118654e-06
1.3788814374992869e-05
-4.0865406289740786e-05
-3.3018524860652845e-05
-9.902522983647133e-05
-6.357371560265604e-05
4.0201227035790474e-05
1.974872364573508e-06
-3.5758800318529824e-05
No. 4	mean error: 0.44767799225226473
3.1932954263112796e-05
0.0001214890997463898
8.891723493521134e-05
6.749513435908778e-05
-3.6346989487206574e-05
-2.5192075211208713e-05
-3.839664046440925e-05
-7.754452556029155e-05
-8.022664217193316e-05
-1.8085339554550808e-05
-3.485989095380204e-05
5.435024093541396e-05
1.9813501693324032e-05
9.786057672763639e-05
1.5891219825765054e-05
0.00010138360330168929
6.589827784124006e-05
6.96455899703603e-05
-3.681284061202513e-05
-5.722516560092961e-05
-6.523158772022691e-05
3.533576734477942e-05
-7.129127255061073e-05
-0.00011743611593514289
-0.00014088702225740487
-3.189921621403261e-05
-2.982822611074275e-05
-1.2736066777344355e-05
-9.647714668062869e-06
5.1630902466751284e-05
-2.9275366661211386e-05
1.9232246536279423e-05
-2.6110040541408723e-05
-6.319586787866415e-05
5.473609114840307e-05
7.799275689402438e-05
-5.467527372919686e-05
1.5366889218052613e-05
-5.1962995355833035e-05
-5.118263610024163e-05
-4.6910828423020405e-05
-1.0014348880731368e-05
1.9758819407632627e-05
-4.171196113950568e-05
-4.300861780781282e-05
-0.00010309494853341202
-6.012355873691068e-05
