train sample numbers: 50
train label numbers: 50
network neuron numbers per layer (input layer on the far left): 
(272 57 10)
learning rate: 0.6
inertia term (momentum): 1

train starting...

No. 0	mean error: 2.032763858965585
-0.0016813065976070871
-0.0016813065976070871
-0.0016813065976070871
-0.0016813065976070871
-0.0016813065976070871
-0.0016813065976070871
-0.0016813065976070871
-0.0016813065976070871
-0.0016813065976070871
-0.0016813065976070871
-0.0016813065976070871
-0.0016813065976070871
-0.0016813065976070871
-0.0016813065976070871
-0.0016813065976070871
-0.0016813065976070871
-0.0016813065976070871
-0.0016813065976070871
-0.0016813065976070871
-0.0016813065976070871
-0.0016813065976070871
-0.0016813065976070871
-0.0016813065976070871
-0.0016813065976070871
-0.0016813065976070871
-0.0016813065976070871
-0.0016813065976070871
-0.0016813065976070871
-0.0016813065976070871
-0.0016813065976070871
-0.0016813065976070871
-0.0016813065976070871
-0.0016813065976070871
-0.0016813065976070871
-0.0016813065976070871
-0.0016813065976070871
-0.0016813065976070871
-0.0016813065976070871
-0.0016813065976070871
-0.0016813065976070871
-0.0016813065976070871
-0.0016813065976070871
-0.0016813065976070871
-0.0016813065976070871
-0.0016813065976070871
-0.0016813065976070871
-0.0016813065976070871
-0.0016813065976070871
-0.0016813065976070871
-0.0016813065976070871
No. 1	mean error: 1.2413248606465053
-0.0016813065976070871
-0.0016813065976070871
-0.0016813065976070871
-0.0016813065976070871
-0.0016813065976070871
-0.0016813065976070871
-0.0016813065976070871
-0.0016813065976070871
-0.0016813065976070871
-0.0016813065976070871
-0.0016813065976070871
-0.0016813065976070871
-0.0016813065976070871
-0.0016813065976070871
-0.0016813065976070871
-0.0016813065976070871
-0.0016813065976070871
-0.0016813065976070871
-0.0016813065976070871
-0.0016813065976070871
-0.0016813065976070871
-0.0016813065976070871
-0.0016813065976070871
-0.0016813065976070871
-0.0016813065976070871
-0.0016813065976070871
-0.0016813065976070871
-0.0016813065976070871
-0.0016813065976070871
-0.0016813065976070871
-0.0016813065976070871
-0.0016813065976070871
-0.0016813065976070871
-0.0016813065976070871
-0.0016813065976070871
-0.0016813065976070871
-0.0016813065976070871
-0.0016813065976070871
-0.0016813065976070871
-0.0016813065976070871
-0.0016813065976070871
-0.0016813065976070871
-0.0016813065976070871
-0.0016813065976070871
-0.0016813065976070871
-0.0016813065976070871
-0.0016813065976070871
-0.0016813065976070871
-0.0016813065976070871
-0.0016813065976070871
No. 2	mean error: 1.249970825681909
-0.0016813065976070871
-0.0016813065976070871
-0.0016813065976070871
-0.0016813065976070871
-0.0016813065976070871
-0.0016813065976070871
-0.0016813065976070871
-0.0016813065976070871
-0.0016813065976070871
-0.0016813065976070871
-0.0016813065976070871
-0.0016813065976070871
-0.0016813065976070871
-0.0016813065976070871
-0.0016813065976070871
-0.0016813065976070871
-0.0016813065976070871
-0.0016813065976070871
-0.0016813065976070871
-0.0016813065976070871
-0.0016813065976070871
-0.0016813065976070871
-0.0016813065976070871
-0.0016813065976070871
-0.0016813065976070871
-0.0016813065976070871
-0.0016813065976070871
-0.0016813065976070871
-0.0016813065976070871
-0.0016813065976070871
-0.0016813065976070871
-0.0016813065976070871
-0.0016813065976070871
-0.0016813065976070871
-0.0016813065976070871
-0.0016813065976070871
-0.0016813065976070871
-0.0016813065976070871
-0.0016813065976070871
-0.0016813065976070871
-0.0016813065976070871
-0.0016813065976070871
-0.0016813065976070871
-0.0016813065976070871
-0.0016813065976070871
-0.0016813065976070871
-0.0016813065976070871
-0.0016813065976070871
-0.0016813065976070871
-0.0016813065976070871
No. 3	mean error: 1.249999926904911
-0.0016813065976070871
-0.0016813065976070871
-0.0016813065976070871
-0.0016813065976070871
-0.0016813065976070871
-0.0016813065976070871
-0.0016813065976070871
-0.0016813065976070871
-0.0016813065976070871
-0.0016813065976070871
-0.0016813065976070871
-0.0016813065976070871
-0.0016813065976070871
-0.0016813065976070871
-0.0016813065976070871
-0.0016813065976070871
-0.0016813065976070871
-0.0016813065976070871
-0.0016813065976070871
-0.0016813065976070871
-0.0016813065976070871
-0.0016813065976070871
-0.0016813065976070871
-0.0016813065976070871
-0.0016813065976070871
-0.0016813065976070871
-0.0016813065976070871
-0.0016813065976070871
-0.0016813065976070871
-0.0016813065976070871
-0.0016813065976070871
-0.0016813065976070871
-0.0016813065976070871
-0.0016813065976070871
-0.0016813065976070871
-0.0016813065976070871
-0.0016813065976070871
-0.0016813065976070871
-0.0016813065976070871
-0.0016813065976070871
-0.0016813065976070871
-0.0016813065976070871
-0.0016813065976070871
-0.0016813065976070871
-0.0016813065976070871
-0.0016813065976070871
-0.0016813065976070871
-0.0016813065976070871
-0.0016813065976070871
-0.0016813065976070871
No. 4	mean error: 1.2499999998372615

train finished...

test starting...

0.499999999951684		0
0.4999999999516731		0
0.499999999951629		0
0.4999999999516378		1
0.49999999995164957		0
0.5000000000247508		0
0.49999999995161426		0
0.4999999999516136		0
0.4999999999516287		0
0.49999999995162225		0

0.499999999951684		1
0.4999999999516731		0
0.499999999951629		0
0.4999999999516378		0
0.49999999995164957		0
0.5000000000247508		0
0.49999999995161426		0
0.4999999999516136		0
0.4999999999516287		0
0.49999999995162225		0

0.499999999951684		0
0.4999999999516731		0
0.499999999951629		0
0.4999999999516378		0
0.49999999995164957		0
0.5000000000247508		0
0.49999999995161426		0
0.4999999999516136		1
0.4999999999516287		0
0.49999999995162225		0

0.499999999951684		0
0.4999999999516731		0
0.499999999951629		0
0.4999999999516378		0
0.49999999995164957		1
0.5000000000247508		0
0.49999999995161426		0
0.4999999999516136		0
0.4999999999516287		0
0.49999999995162225		0

0.499999999951684		0
0.4999999999516731		0
0.499999999951629		0
0.4999999999516378		0
0.49999999995164957		0
0.5000000000247508		0
0.49999999995161426		0
0.4999999999516136		0
0.4999999999516287		0
0.49999999995162225		1

test finished
